#
# A fatal error has been detected by the Java Runtime Environment:
#
#  EXCEPTION_ACCESS_VIOLATION (0xc0000005) at pc=0x00000000720f7a70, pid=3720, tid=3792
#
# JRE version: Java(TM) SE Runtime Environment (8.0_45-b14) (build 1.8.0_45-b14)
# Java VM: Java HotSpot(TM) 64-Bit Server VM (25.45-b02 mixed mode windows-amd64 compressed oops)
# Problematic frame:
# V  [jvm.dll+0x497a70]
#
# Failed to write core dump. Minidumps are not enabled by default on client versions of Windows
#
# If you would like to submit a bug report, please visit:
#   http://bugreport.java.com/bugreport/crash.jsp
#

---------------  T H R E A D  ---------------

Current thread (0x00000000564ac000):  JavaThread "C2 CompilerThread1" daemon [_thread_in_native, id=3792, stack(0x0000000056a10000,0x0000000056b10000)]

siginfo: ExceptionCode=0xc0000005, reading address 0x0000000000464778

Registers:
RAX=0x0000000000000000, RBX=0x000000005dd66690, RCX=0x0000000000464778, RDX=0x0000000000000000
RSP=0x0000000056b0c1b0, RBP=0x0000000000000030, RSI=0x0000000000000180, RDI=0x0000000056b0c200
R8 =0x0000000000000800, R9 =0x000000005b5f3320, R10=0x0000000071c60000, R11=0x0000000056b0c0d0
R12=0x0000000072464778, R13=0x0000000071c60000, R14=0x0000000057dd3298, R15=0x00000000000003d8
RIP=0x00000000720f7a70, EFLAGS=0x0000000000010246

Top of Stack: (sp=0x0000000056b0c1b0)
0x0000000056b0c1b0:   0000000056b0e950 000000005dd66050
0x0000000056b0c1c0:   fffffffffffffff8 00000000564a4cd0
0x0000000056b0c1d0:   000000000000170b 00000000720f2b3f
0x0000000056b0c1e0:   000000005dd66050 000000005dd66690
0x0000000056b0c1f0:   000000000000170b 0000000056b0c2e0
0x0000000056b0c200:   0000170f00000000 0000000000000001
0x0000000056b0c210:   0000000000464778 0000000000000018
0x0000000056b0c220:   000000005cfc6540 000000000000003c
0x0000000056b0c230:   000000005dd66730 0000000056b0c5d0
0x0000000056b0c240:   0000000057dd2ec0 0000000056b0c5d0
0x0000000056b0c250:   0000000057dd2eb0 00000000720bf901
0x0000000056b0c260:   0000000000000000 0000000056b0c360
0x0000000056b0c270:   0000000000000000 0000000000000009
0x0000000056b0c280:   0000000000000002 0000000057dd2eb0
0x0000000056b0c290:   000000005860aea0 00000000586107f0
0x0000000056b0c2a0:   0000000058612e88 00000000010fda90 

Instructions: (pc=0x00000000720f7a70)
0x00000000720f7a50:   48 8b 4f 20 48 39 04 0e 0f 84 9d 00 00 00 48 8b
0x00000000720f7a60:   0c 0e 33 d2 33 c0 48 89 4f 10 66 0f 1f 44 00 00
0x00000000720f7a70:   83 3c 08 00 0f 85 36 01 00 00 ff c2 48 83 c0 04
0x00000000720f7a80:   83 fa 08 72 eb 48 8b 47 30 48 89 44 24 30 48 85 


Register to memory mapping:

RAX=0x0000000000000000 is an unknown value
RBX=0x000000005dd66690 is an unknown value
RCX=0x0000000000464778 is an unknown value
RDX=0x0000000000000000 is an unknown value
RSP=0x0000000056b0c1b0 is pointing into the stack for thread: 0x00000000564ac000
RBP=0x0000000000000030 is an unknown value
RSI=0x0000000000000180 is an unknown value
RDI=0x0000000056b0c200 is pointing into the stack for thread: 0x00000000564ac000
R8 =0x0000000000000800 is an unknown value
R9 =0x000000005b5f3320 is an unknown value
R10=0x0000000071c60000 is an unknown value
R11=0x0000000056b0c0d0 is pointing into the stack for thread: 0x00000000564ac000
R12=0x0000000072464778 is an unknown value
R13=0x0000000071c60000 is an unknown value
R14=0x0000000057dd3298 is an unknown value
R15=0x00000000000003d8 is an unknown value


Stack: [0x0000000056a10000,0x0000000056b10000],  sp=0x0000000056b0c1b0,  free space=1008k
Native frames: (J=compiled Java code, j=interpreted, Vv=VM code, C=native code)
V  [jvm.dll+0x497a70]
V  [jvm.dll+0x492b3f]
V  [jvm.dll+0x45f901]
V  [jvm.dll+0x46a73b]
V  [jvm.dll+0x46cd52]
V  [jvm.dll+0x4500f2]
V  [jvm.dll+0xa4352]
V  [jvm.dll+0xa4c8f]
V  [jvm.dll+0x241984]
V  [jvm.dll+0x29853a]
C  [msvcr100.dll+0x21d9f]
C  [msvcr100.dll+0x21e3b]
C  [kernel32.dll+0x159ed]
C  [ntdll.dll+0x2b371]


Current CompileTask:
C2:  13839 1906       4       java.net.URLClassLoader$1::run (5 bytes)


---------------  P R O C E S S  ---------------

Java Threads: ( => current thread )
  0x000000005a54d800 JavaThread "File lock request listener" [_thread_in_native, id=3872, stack(0x000000005bdc0000,0x000000005bec0000)]
  0x0000000057ffb800 JavaThread "Stdin handler" [_thread_blocked, id=3868, stack(0x00000000596e0000,0x00000000597e0000)]
  0x0000000057fa0000 JavaThread "Daemon worker" [_thread_blocked, id=3856, stack(0x0000000059410000,0x0000000059510000)]
  0x0000000057f9e000 JavaThread "Cancel handler" [_thread_blocked, id=3852, stack(0x0000000058cc0000,0x0000000058dc0000)]
  0x0000000057ddd000 JavaThread "Handler for socket connection from /127.0.0.1:49270 to /127.0.0.1:49273" [_thread_in_native, id=3848, stack(0x0000000058a80000,0x0000000058b80000)]
  0x0000000057dda800 JavaThread "Daemon" [_thread_blocked, id=3844, stack(0x0000000059230000,0x0000000059330000)]
  0x0000000057d68800 JavaThread "Incoming local TCP Connector on port 49270" [_thread_in_native, id=3820, stack(0x0000000058e40000,0x0000000058f40000)]
  0x0000000056520000 JavaThread "Service Thread" daemon [_thread_blocked, id=3800, stack(0x0000000056fa0000,0x00000000570a0000)]
  0x00000000550d5800 JavaThread "C1 CompilerThread2" daemon [_thread_blocked, id=3796, stack(0x0000000056e60000,0x0000000056f60000)]
=>0x00000000564ac000 JavaThread "C2 CompilerThread1" daemon [_thread_in_native, id=3792, stack(0x0000000056a10000,0x0000000056b10000)]
  0x00000000564a4000 JavaThread "C2 CompilerThread0" daemon [_thread_in_native, id=3788, stack(0x0000000056d40000,0x0000000056e40000)]
  0x00000000564a0800 JavaThread "Attach Listener" daemon [_thread_blocked, id=3784, stack(0x0000000056bb0000,0x0000000056cb0000)]
  0x00000000550d4800 JavaThread "Signal Dispatcher" daemon [_thread_blocked, id=3780, stack(0x00000000568f0000,0x00000000569f0000)]
  0x0000000055077800 JavaThread "Finalizer" daemon [_thread_blocked, id=3776, stack(0x00000000563a0000,0x00000000564a0000)]
  0x0000000055070800 JavaThread "Reference Handler" daemon [_thread_blocked, id=3772, stack(0x00000000561e0000,0x00000000562e0000)]
  0x000000000217e800 JavaThread "main" [_thread_blocked, id=3748, stack(0x0000000002340000,0x0000000002440000)]

Other Threads:
  0x000000005506b000 VMThread [stack: 0x0000000056090000,0x0000000056190000] [id=3768]
  0x0000000056522000 WatcherThread [stack: 0x00000000570a0000,0x00000000571a0000] [id=3804]

VM state:at safepoint (normal execution)

VM Mutex/Monitor currently owned by a thread:  ([mutex/lock_event])
[0x000000000217cd60] Threads_lock - owner thread: 0x000000005506b000
[0x000000000217d260] Heap_lock - owner thread: 0x0000000057fa0000

Heap:
 PSYoungGen      total 65536K, used 56160K [0x00000000eab00000, 0x00000000f2680000, 0x0000000100000000)
  eden space 54272K, 100% used [0x00000000eab00000,0x00000000ee000000,0x00000000ee000000)
  from space 11264K, 16% used [0x00000000ee000000,0x00000000ee1d8030,0x00000000eeb00000)
  to   space 11264K, 23% used [0x00000000f1b80000,0x00000000f1e0c040,0x00000000f2680000)
 ParOldGen       total 56320K, used 7734K [0x00000000c0000000, 0x00000000c3700000, 0x00000000eab00000)
  object space 56320K, 13% used [0x00000000c0000000,0x00000000c078d880,0x00000000c3700000)
 Metaspace       used 20993K, capacity 21342K, committed 21632K, reserved 1069056K
  class space    used 2748K, capacity 2885K, committed 2944K, reserved 1048576K

Card table byte_map: [0x0000000011ad0000,0x0000000011ce0000] byte_map_base: 0x00000000114d0000

Marking Bits: (ParMarkBitMap*) 0x0000000072464040
 Begin Bits: [0x00000000124e0000, 0x00000000134e0000)
 End Bits:   [0x00000000134e0000, 0x00000000144e0000)

Polling page: 0x0000000000130000

CodeCache: size=245760Kb used=7585Kb max_used=7585Kb free=238174Kb
 bounds [0x0000000002710000, 0x0000000002e80000, 0x0000000011710000]
 total_blobs=2559 nmethods=1943 adapters=529
 compilation: enabled

Compilation events (10 events):
Event: 13.372 Thread 0x00000000550d5800 1983       2       org.codehaus.groovy.control.ResolveVisitor$ConstructedClassWithPackage::getName (38 bytes)
Event: 13.373 Thread 0x00000000550d5800 nmethod 1983 0x0000000002e7c750 code [0x0000000002e7c900, 0x0000000002e7cce8]
Event: 13.542 Thread 0x00000000550d5800 1984       2       java.nio.HeapByteBuffer::_get (7 bytes)
Event: 13.542 Thread 0x00000000550d5800 nmethod 1984 0x0000000002e7d010 code [0x0000000002e7d160, 0x0000000002e7d2d0]
Event: 13.542 Thread 0x00000000550d5800 1985       2       sun.reflect.generics.tree.ClassTypeSignature::accept (8 bytes)
Event: 13.543 Thread 0x00000000550d5800 nmethod 1985 0x0000000002e7d3d0 code [0x0000000002e7d540, 0x0000000002e7d6e8]
Event: 13.543 Thread 0x00000000550d5800 1986       2       sun.reflect.generics.parser.SignatureParser::parseClassTypeSignature (118 bytes)
Event: 13.544 Thread 0x00000000550d5800 nmethod 1986 0x0000000002e7d7d0 code [0x0000000002e7da40, 0x0000000002e7e318]
Event: 13.554 Thread 0x00000000550d5800 1987       1       com.google.common.collect.MapMakerInternalMap$1::clear (1 bytes)
Event: 13.554 Thread 0x00000000550d5800 nmethod 1987 0x0000000002e55e90 code [0x0000000002e55fe0, 0x0000000002e560f0]

GC Heap History (10 events):
Event: 8.390 GC heap after
Heap after GC invocations=4 (full 0):
 PSYoungGen      total 38400K, used 5112K [0x00000000eab00000, 0x00000000ef600000, 0x0000000100000000)
  eden space 33280K, 0% used [0x00000000eab00000,0x00000000eab00000,0x00000000ecb80000)
  from space 5120K, 99% used [0x00000000ed080000,0x00000000ed57e130,0x00000000ed580000)
  to   space 5120K, 0% used [0x00000000ecb80000,0x00000000ecb80000,0x00000000ed080000)
 ParOldGen       total 87552K, used 7655K [0x00000000c0000000, 0x00000000c5580000, 0x00000000eab00000)
  object space 87552K, 8% used [0x00000000c0000000,0x00000000c0779c80,0x00000000c5580000)
 Metaspace       used 20738K, capacity 21118K, committed 21296K, reserved 1067008K
  class space    used 2732K, capacity 2853K, committed 2944K, reserved 1048576K
}
Event: 8.390 GC heap before
{Heap before GC invocations=5 (full 1):
 PSYoungGen      total 38400K, used 5112K [0x00000000eab00000, 0x00000000ef600000, 0x0000000100000000)
  eden space 33280K, 0% used [0x00000000eab00000,0x00000000eab00000,0x00000000ecb80000)
  from space 5120K, 99% used [0x00000000ed080000,0x00000000ed57e130,0x00000000ed580000)
  to   space 5120K, 0% used [0x00000000ecb80000,0x00000000ecb80000,0x00000000ed080000)
 ParOldGen       total 87552K, used 7655K [0x00000000c0000000, 0x00000000c5580000, 0x00000000eab00000)
  object space 87552K, 8% used [0x00000000c0000000,0x00000000c0779c80,0x00000000c5580000)
 Metaspace       used 20738K, capacity 21118K, committed 21296K, reserved 1067008K
  class space    used 2732K, capacity 2853K, committed 2944K, reserved 1048576K
Event: 8.447 GC heap after
Heap after GC invocations=5 (full 1):
 PSYoungGen      total 38400K, used 0K [0x00000000eab00000, 0x00000000ef600000, 0x0000000100000000)
  eden space 33280K, 0% used [0x00000000eab00000,0x00000000eab00000,0x00000000ecb80000)
  from space 5120K, 0% used [0x00000000ed080000,0x00000000ed080000,0x00000000ed580000)
  to   space 5120K, 0% used [0x00000000ecb80000,0x00000000ecb80000,0x00000000ed080000)
 ParOldGen       total 56320K, used 7734K [0x00000000c0000000, 0x00000000c3700000, 0x00000000eab00000)
  object space 56320K, 13% used [0x00000000c0000000,0x00000000c078d880,0x00000000c3700000)
 Metaspace       used 20738K, capacity 21118K, committed 21296K, reserved 1067008K
  class space    used 2732K, capacity 2853K, committed 2944K, reserved 1048576K
}
Event: 12.714 GC heap before
{Heap before GC invocations=6 (full 1):
 PSYoungGen      total 38400K, used 33280K [0x00000000eab00000, 0x00000000ef600000, 0x0000000100000000)
  eden space 33280K, 100% used [0x00000000eab00000,0x00000000ecb80000,0x00000000ecb80000)
  from space 5120K, 0% used [0x00000000ed080000,0x00000000ed080000,0x00000000ed580000)
  to   space 5120K, 0% used [0x00000000ecb80000,0x00000000ecb80000,0x00000000ed080000)
 ParOldGen       total 56320K, used 7734K [0x00000000c0000000, 0x00000000c3700000, 0x00000000eab00000)
  object space 56320K, 13% used [0x00000000c0000000,0x00000000c078d880,0x00000000c3700000)
 Metaspace       used 20935K, capacity 21342K, committed 21632K, reserved 1069056K
  class space    used 2747K, capacity 2885K, committed 2944K, reserved 1048576K
Event: 12.729 GC heap after
Heap after GC invocations=6 (full 1):
 PSYoungGen      total 38400K, used 960K [0x00000000eab00000, 0x00000000ef580000, 0x0000000100000000)
  eden space 33280K, 0% used [0x00000000eab00000,0x00000000eab00000,0x00000000ecb80000)
  from space 5120K, 18% used [0x00000000ecb80000,0x00000000ecc70020,0x00000000ed080000)
  to   space 10752K, 0% used [0x00000000eeb00000,0x00000000eeb00000,0x00000000ef580000)
 ParOldGen       total 56320K, used 7734K [0x00000000c0000000, 0x00000000c3700000, 0x00000000eab00000)
  object space 56320K, 13% used [0x00000000c0000000,0x00000000c078d880,0x00000000c3700000)
 Metaspace       used 20935K, capacity 21342K, committed 21632K, reserved 1069056K
  class space    used 2747K, capacity 2885K, committed 2944K, reserved 1048576K
}
Event: 12.943 GC heap before
{Heap before GC invocations=7 (full 1):
 PSYoungGen      total 38400K, used 34240K [0x00000000eab00000, 0x00000000ef580000, 0x0000000100000000)
  eden space 33280K, 100% used [0x00000000eab00000,0x00000000ecb80000,0x00000000ecb80000)
  from space 5120K, 18% used [0x00000000ecb80000,0x00000000ecc70020,0x00000000ed080000)
  to   space 10752K, 0% used [0x00000000eeb00000,0x00000000eeb00000,0x00000000ef580000)
 ParOldGen       total 56320K, used 7734K [0x00000000c0000000, 0x00000000c3700000, 0x00000000eab00000)
  object space 56320K, 13% used [0x00000000c0000000,0x00000000c078d880,0x00000000c3700000)
 Metaspace       used 20974K, capacity 21342K, committed 21632K, reserved 1069056K
  class space    used 2747K, capacity 2885K, committed 2944K, reserved 1048576K
Event: 12.965 GC heap after
Heap after GC invocations=7 (full 1):
 PSYoungGen      total 65024K, used 1376K [0x00000000eab00000, 0x00000000efc80000, 0x0000000100000000)
  eden space 54272K, 0% used [0x00000000eab00000,0x00000000eab00000,0x00000000ee000000)
  from space 10752K, 12% used [0x00000000eeb00000,0x00000000eec58030,0x00000000ef580000)
  to   space 11264K, 0% used [0x00000000ee000000,0x00000000ee000000,0x00000000eeb00000)
 ParOldGen       total 56320K, used 7734K [0x00000000c0000000, 0x00000000c3700000, 0x00000000eab00000)
  object space 56320K, 13% used [0x00000000c0000000,0x00000000c078d880,0x00000000c3700000)
 Metaspace       used 20974K, capacity 21342K, committed 21632K, reserved 1069056K
  class space    used 2747K, capacity 2885K, committed 2944K, reserved 1048576K
}
Event: 13.294 GC heap before
{Heap before GC invocations=8 (full 1):
 PSYoungGen      total 65024K, used 55648K [0x00000000eab00000, 0x00000000efc80000, 0x0000000100000000)
  eden space 54272K, 100% used [0x00000000eab00000,0x00000000ee000000,0x00000000ee000000)
  from space 10752K, 12% used [0x00000000eeb00000,0x00000000eec58030,0x00000000ef580000)
  to   space 11264K, 0% used [0x00000000ee000000,0x00000000ee000000,0x00000000eeb00000)
 ParOldGen       total 56320K, used 7734K [0x00000000c0000000, 0x00000000c3700000, 0x00000000eab00000)
  object space 56320K, 13% used [0x00000000c0000000,0x00000000c078d880,0x00000000c3700000)
 Metaspace       used 20984K, capacity 21342K, committed 21632K, reserved 1069056K
  class space    used 2747K, capacity 2885K, committed 2944K, reserved 1048576K
Event: 13.360 GC heap after
Heap after GC invocations=8 (full 1):
 PSYoungGen      total 65536K, used 1888K [0x00000000eab00000, 0x00000000f2680000, 0x0000000100000000)
  eden space 54272K, 0% used [0x00000000eab00000,0x00000000eab00000,0x00000000ee000000)
  from space 11264K, 16% used [0x00000000ee000000,0x00000000ee1d8030,0x00000000eeb00000)
  to   space 11264K, 0% used [0x00000000f1b80000,0x00000000f1b80000,0x00000000f2680000)
 ParOldGen       total 56320K, used 7734K [0x00000000c0000000, 0x00000000c3700000, 0x00000000eab00000)
  object space 56320K, 13% used [0x00000000c0000000,0x00000000c078d880,0x00000000c3700000)
 Metaspace       used 20984K, capacity 21342K, committed 21632K, reserved 1069056K
  class space    used 2747K, capacity 2885K, committed 2944K, reserved 1048576K
}
Event: 13.765 GC heap before
{Heap before GC invocations=9 (full 1):
 PSYoungGen      total 65536K, used 56160K [0x00000000eab00000, 0x00000000f2680000, 0x0000000100000000)
  eden space 54272K, 100% used [0x00000000eab00000,0x00000000ee000000,0x00000000ee000000)
  from space 11264K, 16% used [0x00000000ee000000,0x00000000ee1d8030,0x00000000eeb00000)
  to   space 11264K, 0% used [0x00000000f1b80000,0x00000000f1b80000,0x00000000f2680000)
 ParOldGen       total 56320K, used 7734K [0x00000000c0000000, 0x00000000c3700000, 0x00000000eab00000)
  object space 56320K, 13% used [0x00000000c0000000,0x00000000c078d880,0x00000000c3700000)
 Metaspace       used 20993K, capacity 21342K, committed 21632K, reserved 1069056K
  class space    used 2748K, capacity 2885K, committed 2944K, reserved 1048576K

Deoptimization events (10 events):
Event: 12.586 Thread 0x0000000057fa0000 Uncommon trap: reason=unstable_if action=reinterpret pc=0x0000000002e33428 method=org.codehaus.groovy.ast.ClassNode.<init>(Ljava/lang/String;ILorg/codehaus/groovy/ast/ClassNode;[Lorg/codehaus/groovy/ast/ClassNode;[Lorg/codehaus/groovy/ast/MixinNode;)V @ 88ﬁÿ%â,)@
Event: 12.586 Thread 0x0000000057fa0000 Uncommon trap: reason=unstable_if action=reinterpret pc=0x0000000002e28fa0 method=org.codehaus.groovy.ast.ClassNode.getCompileUnit()Lorg/codehaus/groovy/ast/CompileUnit; @ 19
Event: 12.586 Thread 0x0000000057fa0000 Uncommon trap: reason=unstable_if action=reinterpret pc=0x0000000002dfbecc method=org.codehaus.groovy.ast.ClassNode.redirect()Lorg/codehaus/groovy/ast/ClassNode; @ 4
Event: 12.602 Thread 0x0000000057fa0000 Uncommon trap: reason=unstable_if action=reinterpret pc=0x0000000002e0668c method=org.codehaus.groovy.ast.ClassNode.redirect()Lorg/codehaus/groovy/ast/ClassNode; @ 4
Event: 12.609 Thread 0x0000000057fa0000 Uncommon trap: reason=unstable_if action=reinterpret pc=0x00000000029f4920 method=java.util.LinkedHashMap.afterNodeInsertion(Z)V @ 1
Event: 12.762 Thread 0x0000000057fa0000 Uncommon trap: reason=bimorphic action=maybe_recompile pc=0x0000000002e3d6cc method=org.codehaus.groovy.control.ResolveVisitor.resolveFromCompileUnit(Lorg/codehaus/groovy/ast/ClassNode;)Z @ 16
Event: 12.878 Thread 0x0000000057fa0000 Uncommon trap: reason=bimorphic action=maybe_recompile pc=0x0000000002e3d6cc method=org.codehaus.groovy.control.ResolveVisitor.resolveFromCompileUnit(Lorg/codehaus/groovy/ast/ClassNode;)Z @ 16
Event: 13.010 Thread 0x0000000057fa0000 Uncommon trap: reason=bimorphic action=maybe_recompile pc=0x0000000002e3d6cc method=org.codehaus.groovy.control.ResolveVisitor.resolveFromCompileUnit(Lorg/codehaus/groovy/ast/ClassNode;)Z @ 16
Event: 13.103 Thread 0x0000000057fa0000 Uncommon trap: reason=bimorphic action=maybe_recompile pc=0x0000000002e3d6cc method=org.codehaus.groovy.control.ResolveVisitor.resolveFromCompileUnit(Lorg/codehaus/groovy/ast/ClassNode;)Z @ 16
Event: 13.369 Thread 0x0000000057fa0000 Uncommon trap: reason=unstable_if action=reinterpret pc=0x0000000002e23eec method=org.codehaus.groovy.ast.ClassNode.redirect()Lorg/codehaus/groovy/ast/ClassNode; @ 4

Internal exceptions (10 events):
Event: 8.100 Thread 0x0000000057fa0000 Exception <a 'java/lang/ClassNotFoundException': groovy/lang/ClosureBeanInfo> (0x00000000ec621950) thrown at [C:\re\workspace\8-2-build-windows-amd64-cygwin\jdk8u45\3457\hotspot\src\share\vm\classfile\systemDictionary.cpp, line 210]
Event: 8.100 Thread 0x0000000057fa0000 Exception <a 'java/lang/ClassNotFoundException': groovy/lang/ClosureCustomizer> (0x00000000ec634a60) thrown at [C:\re\workspace\8-2-build-windows-amd64-cygwin\jdk8u45\3457\hotspot\src\share\vm\classfile\systemDictionary.cpp, line 210]
Event: 8.106 Thread 0x0000000057fa0000 Exception <a 'java/lang/ClassNotFoundException': groovy/lang/Closure$1Customizer> (0x00000000ec670b68) thrown at [C:\re\workspace\8-2-build-windows-amd64-cygwin\jdk8u45\3457\hotspot\src\share\vm\classfile\systemDictionary.cpp, line 210]
Event: 8.167 Thread 0x0000000057fa0000 Exception <a 'java/lang/ClassNotFoundException': org/gradle/invocation/DefaultGradle_DecoratedBeanInfo> (0x00000000eca9e9b0) thrown at [C:\re\workspace\8-2-build-windows-amd64-cygwin\jdk8u45\3457\hotspot\src\share\vm\classfile\systemDictionary.cpp, line 21ÆWŒ±U @
Event: 8.167 Thread 0x0000000057fa0000 Exception <a 'java/lang/ClassNotFoundException': org/gradle/invocation/DefaultGradleBeanInfo> (0x00000000ecab79f8) thrown at [C:\re\workspace\8-2-build-windows-amd64-cygwin\jdk8u45\3457\hotspot\src\share\vm\classfile\systemDictionary.cpp, line 210]
Event: 8.168 Thread 0x0000000057fa0000 Exception <a 'java/lang/ClassNotFoundException': org/gradle/api/internal/project/AbstractPluginAwareBeanInfo> (0x00000000ecad62d0) thrown at [C:\re\workspace\8-2-build-windows-amd64-cygwin\jdk8u45\3457\hotspot\src\share\vm\classfile\systemDictionary.cpp, lp”êV @
Event: 8.168 Thread 0x0000000057fa0000 Exception <a 'java/lang/ClassNotFoundException': org/gradle/api/internal/project/AbstractPluginAwareCustomizer> (0x00000000ecaf5398) thrown at [C:\re\workspace\8-2-build-windows-amd64-cygwin\jdk8u45\3457\hotspot\src\share\vm\classfile\systemDictionary.cpp,
Event: 8.169 Thread 0x0000000057fa0000 Exception <a 'java/lang/ClassNotFoundException': org/gradle/invocation/DefaultGradleCustomizer> (0x00000000ecb14f98) thrown at [C:\re\workspace\8-2-build-windows-amd64-cygwin\jdk8u45\3457\hotspot\src\share\vm\classfile\systemDictionary.cpp, line 210]
Event: 8.172 Thread 0x0000000057fa0000 Exception <a 'java/lang/ClassNotFoundException': org/gradle/invocation/DefaultGradle_DecoratedCustomizer> (0x00000000ecb54a70) thrown at [C:\re\workspace\8-2-build-windows-amd64-cygwin\jdk8u45\3457\hotspot\src\share\vm\classfile\systemDictionary.cpp, line ãﬁÎÙ+)@
Event: 12.586 Thread 0x0000000057fa0000 Implicit null exception at 0x0000000002e3328d to 0x0000000002e3340d

Events (10 events):
Event: 13.688 loading class org/gradle/testing/jacoco/tasks/javax/inject/Inject done
Event: 13.688 loading class org/gradle/testkit/runner/javax/inject/Inject
Event: 13.688 loading class org/gradle/testkit/runner/javax/inject/Inject done
Event: 13.688 loading class org/gradle/testkit/runner/javax/inject/Inject
Event: 13.688 loading class org/gradle/testkit/runner/javax/inject/Inject done
Event: 13.688 loading class org/gradle/util/javax/inject/Inject
Event: 13.689 loading class org/gradle/util/javax/inject/Inject done
Event: 13.689 loading class org/gradle/util/javax/inject/Inject
Event: 13.689 loading class org/gradle/util/javax/inject/Inject done
Event: 13.765 Executing VM operation: ParallelGCFailedAllocation


Dynamic libraries:
0x000000013f8a0000 - 0x000000013f8d7000 	C:\Program Files\Java\jdk1.8.0_45\bin\java.exe
0x0000000076d80000 - 0x0000000076f2a000 	C:\Windows\SYSTEM32\ntdll.dll
0x0000000076c60000 - 0x0000000076d7f000 	C:\Windows\system32\kernel32.dll
0x000007fefce50000 - 0x000007fefcebb000 	C:\Windows\system32\KERNELBASE.dll
0x000007fefec60000 - 0x000007fefed3b000 	C:\Windows\system32\ADVAPI32.dll
0x000007fefe910000 - 0x000007fefe9af000 	C:\Windows\system32\msvcrt.dll
0x000007fefd980000 - 0x000007fefd99f000 	C:\Windows\SYSTEM32\sechost.dll
0x000007fefd2f0000 - 0x000007fefd41d000 	C:\Windows\system32\RPCRT4.dll
0x0000000076b60000 - 0x0000000076c5a000 	C:\Windows\system32\USER32.dll
0x000007fefcec0000 - 0x000007fefcf27000 	C:\Windows\system32\GDI32.dll
0x000007fefe8b0000 - 0x000007fefe8be000 	C:\Windows\system32\LPK.dll
0x000007fefeb90000 - 0x000007fefec5a000 	C:\Windows\system32\USP10.dll
0x000007fefb4f0000 - 0x000007fefb6e4000 	C:\Windows\WinSxS\amd64_microsoft.windows.common-controls_6595b64144ccf1df_6.0.7601.18837_none_fa3b1e3d17594757\COMCTL32.dll
0x000007feff010000 - 0x000007feff081000 	C:\Windows\system32\SHLWAPI.dll
0x000007fefe820000 - 0x000007fefe84e000 	C:\Windows\system32\IMM32.DLL
0x000007fefcfd0000 - 0x000007fefd0d9000 	C:\Windows\system32\MSCTF.dll
0x0000000071b80000 - 0x0000000071c52000 	C:\Program Files\Java\jdk1.8.0_45\jre\bin\msvcr100.dll
0x0000000071c60000 - 0x00000000724e3000 	C:\Program Files\Java\jdk1.8.0_45\jre\bin\server\jvm.dll
0x000007fef8590000 - 0x000007fef8599000 	C:\Windows\system32\WSOCK32.dll
0x000007fefe8c0000 - 0x000007fefe90d000 	C:\Windows\system32\WS2_32.dll
0x000007fefe730000 - 0x000007fefe738000 	C:\Windows\system32\NSI.dll
0x000007fefa980000 - 0x000007fefa9bb000 	C:\Windows\system32\WINMM.dll
0x000007fefbbe0000 - 0x000007fefbbec000 	C:\Windows\system32\VERSION.dll
0x0000000076f40000 - 0x0000000076f47000 	C:\Windows\system32\PSAPI.DLL
0x0000000073ac0000 - 0x0000000073acf000 	C:\Program Files\Java\jdk1.8.0_45\jre\bin\verify.dll
0x00000000735f0000 - 0x0000000073619000 	C:\Program Files\Java\jdk1.8.0_45\jre\bin\java.dll
0x00000000735d0000 - 0x00000000735e6000 	C:\Program Files\Java\jdk1.8.0_45\jre\bin\zip.dll
0x000007fefd9a0000 - 0x000007fefe729000 	C:\Windows\system32\SHELL32.dll
0x000007fefed40000 - 0x000007fefef43000 	C:\Windows\system32\ole32.dll
0x000007fefcb00000 - 0x000007fefcb0f000 	C:\Windows\system32\profapi.dll
0x00000000735b0000 - 0x00000000735ca000 	C:\Program Files\Java\jdk1.8.0_45\jre\bin\net.dll
0x000007fefc2a0000 - 0x000007fefc2f5000 	C:\Windows\system32\mswsock.dll
0x000007fefc290000 - 0x000007fefc297000 	C:\Windows\System32\wship6.dll
0x0000000073590000 - 0x00000000735a1000 	C:\Program Files\Java\jdk1.8.0_45\jre\bin\nio.dll
0x000007fef4ab0000 - 0x000007fef4ac2000 	C:\Users\babu.c\.gradle\native\19\windows-amd64\native-platform.dll
0x000007fefa1d0000 - 0x000007fefa1f7000 	C:\Windows\system32\IPHLPAPI.DLL
0x000007fefa1b0000 - 0x000007fefa1bb000 	C:\Windows\system32\WINNSI.DLL
0x000007fefa0e0000 - 0x000007fefa0f1000 	C:\Windows\system32\dhcpcsvc6.DLL
0x000007fefa0c0000 - 0x000007fefa0d8000 	C:\Windows\system32\dhcpcsvc.DLL
0x000007fefc300000 - 0x000007fefc318000 	C:\Windows\system32\CRYPTSP.dll
0x000007fefc000000 - 0x000007fefc047000 	C:\Windows\system32\rsaenh.dll
0x000007fefcb50000 - 0x000007fefcb6e000 	C:\Windows\system32\USERENV.dll
0x000007fefc9a0000 - 0x000007fefc9af000 	C:\Windows\system32\CRYPTBASE.dll
0x000007fef6ba0000 - 0x000007fef6cc5000 	C:\Windows\system32\dbghelp.dll

VM Arguments:
jvm_args: -XX:MaxPermSize=256m -XX:+HeapDumpOnOutOfMemoryError -Xmx1024m -Dfile.encoding=windows-1252 -Duser.country=US -Duser.language=en -Duser.variant 
java_command: org.gradle.launcher.daemon.bootstrap.GradleDaemon 2.8
java_class_path (initial): C:\Program Files\Android\Android Studio\gradle\gradle-2.8\lib\gradle-launcher-2.8.jar
Launcher Type: SUN_STANDARD

Environment Variables:
PATH=C:\ProgramData\Oracle\Java\javapath;C:\Windows\system32;C:\Windows;C:\Windows\System32\Wbem;C:\Windows\System32\WindowsPowerShell\v1.0\
USERNAME=babu.c
OS=Windows_NT
PROCESSOR_IDENTIFIER=Intel64 Family 6 Model 37 Stepping 5, GenuineIntel



---------------  S Y S T E M  ---------------

OS: Windows 7 , 64 bit Build 7601 (6.1.7601.19160)

CPU:total 4 (2 cores per cpu, 2 threads per core) family 6 model 37 stepping 5, cmov, cx8, fxsr, mmx, sse, sse2, sse3, ssse3, sse4.1, sse4.2, popcnt, ht, tsc, tscinvbit

Memory: 4k page, physical 8313976k(6021232k free), swap 16626116k(14013404k free)

vm_info: Java HotSpot(TM) 64-Bit Server VM (25.45-b02) for windows-amd64 JRE (1.8.0_45-b14), built on Apr 10 2015 10:34:15 by "java_re" with MS VC++ 10.0 (VS2010)

time: Tue Apr 19 09:50:29 2016
elapsed time: 13 seconds (0d 0h 0m 13s)

